<?xml version="1.0" encoding="UTF-8"?>
<testng-results skipped="0" failed="0" ignored="0" total="1" passed="1">
  <reporter-output>
  </reporter-output>
  <suite name="Default suite" duration-ms="46048" started-at="2020-03-03T20:19:17Z" finished-at="2020-03-03T20:20:03Z">
    <groups>
    </groups>
    <test name="Default test" duration-ms="46048" started-at="2020-03-03T20:19:17Z" finished-at="2020-03-03T20:20:03Z">
      <class name="Academy.HomePage">
        <test-method status="PASS" signature="basePageNavigation()[pri:0, instance:Academy.HomePage@7c8d5312]" name="basePageNavigation" duration-ms="45857" started-at="2020-03-03T20:19:17Z" finished-at="2020-03-03T20:20:03Z">
          <reporter-output>
          </reporter-output>
        </test-method> <!-- basePageNavigation -->
      </class> <!-- Academy.HomePage -->
    </test> <!-- Default test -->
  </suite> <!-- Default suite -->
</testng-results>
